<?xml version="1.0" encoding="UTF-8"?>
<!-- Generated by org.testng.reporters.JUnitXMLReporter -->
<testsuite ignored="0" hostname="DESKTOP-073QPVU" failures="0" tests="6" name="Test" time="0.297" errors="0" timestamp="2024-03-13T20:28:41 IST">
  <testcase classname="day2_13032024.GroupsDemo" name="test1" time="0.027"/>
  <testcase classname="day2_13032024.GroupsDemo" name="test2" time="0.006"/>
  <testcase classname="day2_13032024.GroupsDemo" name="test3" time="0.004"/>
  <testcase classname="day2_13032024.GroupsDemo" name="test4" time="0.001"/>
  <testcase classname="day2_13032024.GroupsDemo" name="test5" time="0.007"/>
  <testcase classname="day2_13032024.GroupsDemo" name="test6" time="0.004"/>
</testsuite> <!-- Test -->
