<?xml version="1.0" encoding="UTF-8"?>
<testng-results ignored="0" total="3" passed="3" failed="0" skipped="0">
  <reporter-output>
  </reporter-output>
  <suite started-at="2024-03-18T20:23:08 IST" name="Suite" finished-at="2024-03-18T20:23:26 IST" duration-ms="17710">
    <groups>
    </groups>
    <test started-at="2024-03-18T20:23:08 IST" name="Chrome" finished-at="2024-03-18T20:23:16 IST" duration-ms="7598">
      <class name="day4_18032024.CrossBrowserTesting">
        <test-method signature="launchBrowser(java.lang.String)[pri:0, instance:day4_18032024.CrossBrowserTesting@6ae5aa72]" started-at="2024-03-18T20:23:08 IST" name="launchBrowser" finished-at="2024-03-18T20:23:16 IST" duration-ms="7267" status="PASS">
          <params>
            <param index="0">
              <value>
                <![CDATA[Chrome]]>
              </value>
            </param>
          </params>
          <reporter-output>
          </reporter-output>
        </test-method> <!-- launchBrowser -->
      </class> <!-- day4_18032024.CrossBrowserTesting -->
    </test> <!-- Chrome -->
    <test started-at="2024-03-18T20:23:08 IST" name="Firefox" finished-at="2024-03-18T20:23:22 IST" duration-ms="13501">
      <class name="day4_18032024.CrossBrowserTesting">
        <test-method signature="launchBrowser(java.lang.String)[pri:0, instance:day4_18032024.CrossBrowserTesting@48f2bd5b]" started-at="2024-03-18T20:23:08 IST" name="launchBrowser" finished-at="2024-03-18T20:23:22 IST" duration-ms="13327" status="PASS">
          <params>
            <param index="0">
              <value>
                <![CDATA[firefox]]>
              </value>
            </param>
          </params>
          <reporter-output>
          </reporter-output>
        </test-method> <!-- launchBrowser -->
      </class> <!-- day4_18032024.CrossBrowserTesting -->
    </test> <!-- Firefox -->
    <test started-at="2024-03-18T20:23:08 IST" name="Edge" finished-at="2024-03-18T20:23:26 IST" duration-ms="17709">
      <class name="day4_18032024.CrossBrowserTesting">
        <test-method signature="launchBrowser(java.lang.String)[pri:0, instance:day4_18032024.CrossBrowserTesting@a1153bc]" started-at="2024-03-18T20:23:08 IST" name="launchBrowser" finished-at="2024-03-18T20:23:26 IST" duration-ms="17535" status="PASS">
          <params>
            <param index="0">
              <value>
                <![CDATA[Edge]]>
              </value>
            </param>
          </params>
          <reporter-output>
          </reporter-output>
        </test-method> <!-- launchBrowser -->
      </class> <!-- day4_18032024.CrossBrowserTesting -->
    </test> <!-- Edge -->
  </suite> <!-- Suite -->
</testng-results>
